#
# There is insufficient memory for the Java Runtime Environment to continue.
# Native memory allocation (malloc) failed to allocate 1048576 bytes for AllocateHeap
# Possible reasons:
#   The system is out of physical RAM or swap space
#   The process is running with CompressedOops enabled, and the Java Heap may be blocking the growth of the native heap
# Possible solutions:
#   Reduce memory load on the system
#   Increase physical memory or swap space
#   Check if swap backing store is full
#   Decrease Java heap size (-Xmx/-Xms)
#   Decrease number of Java threads
#   Decrease Java thread stack sizes (-Xss)
#   Set larger code cache with -XX:ReservedCodeCacheSize=
#   JVM is running with Unscaled Compressed Oops mode in which the Java heap is
#     placed in the first 4GB address space. The Java Heap base address is the
#     maximum limit for the native heap growth. Please use -XX:HeapBaseMinAddress
#     to set the Java Heap base and to place the Java Heap above 4GB virtual address.
# This output file may be truncated or incomplete.
#
#  Out of Memory Error (memory/allocation.inline.hpp:61), pid=16356, tid=0x0000000000003d2c
#
# JRE version:  (8.0_202-b08) (build )
# Java VM: Java HotSpot(TM) 64-Bit Server VM (25.202-b08 mixed mode windows-amd64 compressed oops)
# Failed to write core dump. Minidumps are not enabled by default on client versions of Windows
#

---------------  T H R E A D  ---------------

Current thread (0x0000000003193800):  JavaThread "Unknown thread" [_thread_in_vm, id=15660, stack(0x0000000002e40000,0x0000000002f40000)]

Stack: [0x0000000002e40000,0x0000000002f40000]
[error occurred during error reporting (printing stack bounds), id 0xc0000005]

Native frames: (J=compiled Java code, j=interpreted, Vv=VM code, C=native code)


---------------  P R O C E S S  ---------------

Java Threads: ( => current thread )

Other Threads:

=>0x0000000003193800 (exited) JavaThread "Unknown thread" [_thread_in_vm, id=15660, stack(0x0000000002e40000,0x0000000002f40000)]

VM state:not at safepoint (normal execution)

VM Mutex/Monitor currently owned by a thread: None

heap address: 0x00000000c1e00000, size: 994 MB, Compressed Oops mode: 32-bit
Narrow klass base: 0x0000000000000000, Narrow klass shift: 3
Compressed class space size: 1073741824 Address: 0x0000000100000000

Heap:
 PSYoungGen      total 18944K, used 327K [0x00000000eb500000, 0x00000000eca00000, 0x0000000100000000)
  eden space 16384K, 2% used [0x00000000eb500000,0x00000000eb551ec8,0x00000000ec500000)
  from space 2560K, 0% used [0x00000000ec780000,0x00000000ec780000,0x00000000eca00000)
  to   space 2560K, 0% used [0x00000000ec500000,0x00000000ec500000,0x00000000ec780000)
 ParOldGen       total 44032K, used 0K [0x00000000c1e00000, 0x00000000c4900000, 0x00000000eb500000)
  object space 44032K, 0% used [0x00000000c1e00000,0x00000000c1e00000,0x00000000c4900000)
 Metaspace       used 786K, capacity 4480K, committed 4480K, reserved 1056768K
  class space    used 76K, capacity 384K, committed 384K, reserved 1048576K

Card table byte_map: [0x0000000012650000,0x0000000012850000] byte_map_base: 0x0000000012041000

Marking Bits: (ParMarkBitMap*) 0x0000000058cd5ce0
 Begin Bits: [0x0000000012da0000, 0x0000000013d28000)
 End Bits:   [0x0000000013d28000, 0x0000000014cb0000)

Polling page: 0x0000000001640000

CodeCache: size=245760Kb used=328Kb max_used=328Kb free=245431Kb
 bounds [0x0000000003290000, 0x0000000003500000, 0x0000000012290000]
 total_blobs=58 nmethods=0 adapters=38
 compilation: enabled

Compilation events (0 events):
No events

GC Heap History (0 events):
No events

Deoptimization events (0 events):
No events

Classes redefined (0 events):
No events

Internal exceptions (0 events):
No events

Events (10 events):
Event: 0.121 loading class java/lang/Short
Event: 0.121 loading class java/lang/Short done
Event: 0.121 loading class java/lang/Integer
Event: 0.121 loading class java/lang/Integer done
Event: 0.121 loading class java/lang/Long
Event: 0.121 loading class java/lang/Long done
Event: 0.122 loading class java/lang/NullPointerException
Event: 0.122 loading class java/lang/NullPointerException done
Event: 0.122 loading class java/lang/ArithmeticException
Event: 0.122 loading class java/lang/ArithmeticException done


Dynamic libraries:
0x00007ff677c80000 - 0x00007ff677cb7000 	C:\Program Files\Java\jdk1.8.0_202\jre\bin\javaw.exe
0x00007ffc12550000 - 0x00007ffc12745000 	C:\WINDOWS\SYSTEM32\ntdll.dll
0x00007ffc123b0000 - 0x00007ffc1246d000 	C:\WINDOWS\System32\KERNEL32.DLL
0x00007ffc0fc60000 - 0x00007ffc0ff2d000 	C:\WINDOWS\System32\KERNELBASE.dll
0x00007ffc10740000 - 0x00007ffc107ee000 	C:\WINDOWS\System32\ADVAPI32.dll
0x00007ffc12470000 - 0x00007ffc1250e000 	C:\WINDOWS\System32\msvcrt.dll
0x00007ffc10920000 - 0x00007ffc109bc000 	C:\WINDOWS\System32\sechost.dll
0x00007ffc11e20000 - 0x00007ffc11f45000 	C:\WINDOWS\System32\RPCRT4.dll
0x00007ffc105a0000 - 0x00007ffc10740000 	C:\WINDOWS\System32\USER32.dll
0x00007ffc104e0000 - 0x00007ffc10502000 	C:\WINDOWS\System32\win32u.dll
0x00007ffc11810000 - 0x00007ffc1183a000 	C:\WINDOWS\System32\GDI32.dll
0x00007ffc100e0000 - 0x00007ffc101eb000 	C:\WINDOWS\System32\gdi32full.dll
0x00007ffc101f0000 - 0x00007ffc1028d000 	C:\WINDOWS\System32\msvcp_win.dll
0x00007ffc10340000 - 0x00007ffc10440000 	C:\WINDOWS\System32\ucrtbase.dll
0x00007ffc04230000 - 0x00007ffc044ca000 	C:\WINDOWS\WinSxS\amd64_microsoft.windows.common-controls_6595b64144ccf1df_6.0.19041.1110_none_60b5254171f9507e\COMCTL32.dll
0x00007ffc11f50000 - 0x00007ffc11f80000 	C:\WINDOWS\System32\IMM32.DLL
0x0000000058d60000 - 0x0000000058e32000 	C:\Program Files\Java\jdk1.8.0_202\jre\bin\msvcr100.dll
0x00000000584b0000 - 0x0000000058d55000 	C:\Program Files\Java\jdk1.8.0_202\jre\bin\server\jvm.dll
0x00007ffc119e0000 - 0x00007ffc119e8000 	C:\WINDOWS\System32\PSAPI.DLL
0x00007ffc0b710000 - 0x00007ffc0b719000 	C:\WINDOWS\SYSTEM32\WSOCK32.dll
0x00007ffc11c00000 - 0x00007ffc11c6b000 	C:\WINDOWS\System32\WS2_32.dll
0x00007ffc0b7e0000 - 0x00007ffc0b807000 	C:\WINDOWS\SYSTEM32\WINMM.dll
0x00007ffc08820000 - 0x00007ffc0882a000 	C:\WINDOWS\SYSTEM32\VERSION.dll
0x00007ffc0afa0000 - 0x00007ffc0afaf000 	C:\Program Files\Java\jdk1.8.0_202\jre\bin\verify.dll
0x00007ffbfd880000 - 0x00007ffbfd8a9000 	C:\Program Files\Java\jdk1.8.0_202\jre\bin\java.dll
0x00007ffc050f0000 - 0x00007ffc05125000 	C:\Program Files\Java\jdk1.8.0_202\jre\bin\jdwp.dll
0x00007ffc0d490000 - 0x00007ffc0d498000 	C:\Program Files\Java\jdk1.8.0_202\jre\bin\npt.dll
0x00007ffc08370000 - 0x00007ffc08393000 	C:\Program Files\Java\jdk1.8.0_202\jre\bin\instrument.dll
0x00007ffbfd780000 - 0x00007ffbfd796000 	C:\Program Files\Java\jdk1.8.0_202\jre\bin\zip.dll

VM Arguments:
jvm_args: -agentlib:jdwp=transport=dt_socket,suspend=y,address=localhost:58232 -javaagent:C:\Users\pc\eclipse\java-2020-12\eclipse\configuration\org.eclipse.osgi\220\0\.cp\lib\javaagent-shaded.jar -Dfile.encoding=Cp1252 
java_command: com.client.Main
java_class_path (initial): C:\Users\pc\eclipse-workspace\Projects\LibraryManagementLayeredCompleteProject\target\classes;C:\Users\pc\.m2\repository\org\projectlombok\lombok\1.18.24\lombok-1.18.24.jar;C:\Users\pc\.m2\repository\mysql\mysql-connector-java\8.0.26\mysql-connector-java-8.0.26.jar;C:\Users\pc\.m2\repository\com\google\protobuf\protobuf-java\3.11.4\protobuf-java-3.11.4.jar;C:\Users\pc\.m2\repository\org\springframework\spring-context\5.3.10\spring-context-5.3.10.jar;C:\Users\pc\.m2\repository\org\springframework\spring-aop\5.3.10\spring-aop-5.3.10.jar;C:\Users\pc\.m2\repository\org\springframework\spring-beans\5.3.10\spring-beans-5.3.10.jar;C:\Users\pc\.m2\repository\org\springframework\spring-core\5.3.10\spring-core-5.3.10.jar;C:\Users\pc\.m2\repository\org\springframework\spring-jcl\5.3.10\spring-jcl-5.3.10.jar;C:\Users\pc\.m2\repository\org\springframework\spring-expression\5.3.10\spring-expression-5.3.10.jar;C:\Users\pc\eclipse\java-2020-12\eclipse\configuration\org.eclipse.osgi\220\0\.cp\lib\javaagent-shaded.jar
Launcher Type: SUN_STANDARD

Environment Variables:
PATH=C:\Program Files\Java\jdk1.8.0_202\jre\bin;C:/Users/pc/.p2/pool/plugins/org.eclipse.justj.openjdk.hotspot.jre.full.win32.x86_64_17.0.2.v20220201-1208/jre/bin/server;C:/Users/pc/.p2/pool/plugins/org.eclipse.justj.openjdk.hotspot.jre.full.win32.x86_64_17.0.2.v20220201-1208/jre/bin;C:\Program Files (x86)\Common Files\Oracle\Java\javapath;C:\Windows\system32;C:\Windows;C:\Windows\System32\Wbem;C:\Windows\System32\WindowsPowerShell\v1.0\;C:\Windows\System32\OpenSSH\;C:\Program Files (x86)\NVIDIA Corporation\PhysX\Common;C:\Program Files\Java\jdk-15.0.1\bin;C:\Program Files (x86)\mingw-w64\mingw\mingw32\bin;C:\WINDOWS\system32;C:\WINDOWS;C:\WINDOWS\System32\Wbem;C:\WINDOWS\System32\WindowsPowerShell\v1.0\;C:\WINDOWS\System32\OpenSSH\;C:\Program Files (x86)\Symantec\VIP Access Client\;C:\Program Files\Git\cmd;C:\Program Files\Java\jdk1.8.0_202;C:\MinGW\bin;C:\Program Files\MySQL\MySQL Shell 8.0\bin\;C:\Program Files\Java\jdk-15.0.1\bin;C:\Users\pc\AppData\Local\Microsoft\WindowsApps;C:\Program Files\JetBrains\IntelliJ IDEA Community Edition 2021.1\bin;;C:\Users\pc\AppData\Local\Programs\Microsoft VS Code\bin;C:\WINDOWS\System32;
USERNAME=pc
OS=Windows_NT
PROCESSOR_IDENTIFIER=Intel64 Family 6 Model 142 Stepping 9, GenuineIntel



---------------  S Y S T E M  ---------------

OS: Windows 10.0 , 64 bit Build 19041 (10.0.19041.1706)

CPU:total 4 (initial active 4) (2 cores per cpu, 2 threads per core) family 6 model 142 stepping 9, cmov, cx8, fxsr, mmx, sse, sse2, sse3, ssse3, sse4.1, sse4.2, popcnt, avx, avx2, aes, clmul, erms, 3dnowpref, lzcnt, ht, tsc, tscinvbit, bmi1, bmi2, adx

Memory: 4k page, physical 4065932k(301528k free), swap 16648844k(5808k free)

vm_info: Java HotSpot(TM) 64-Bit Server VM (25.202-b08) for windows-amd64 JRE (1.8.0_202-b08), built on Dec 15 2018 19:54:30 by "java_re" with MS VC++ 10.0 (VS2010)

time: Sat May 28 09:33:06 2022
timezone: India Standard Time
elapsed time: 0 seconds (0d 0h 0m 0s)

